#
# There is insufficient memory for the Java Runtime Environment to continue.
# Native memory allocation (malloc) failed to allocate 1048576 bytes for AllocateHeap
# Possible reasons:
#   The system is out of physical RAM or swap space
#   In 32 bit mode, the process size limit was hit
# Possible solutions:
#   Reduce memory load on the system
#   Increase physical memory or swap space
#   Check if swap backing store is full
#   Use 64 bit Java on a 64 bit OS
#   Decrease Java heap size (-Xmx/-Xms)
#   Decrease number of Java threads
#   Decrease Java thread stack sizes (-Xss)
#   Set larger code cache with -XX:ReservedCodeCacheSize=
# This output file may be truncated or incomplete.
#
#  Out of Memory Error (memory/allocation.inline.hpp:61), pid=7176, tid=0x0000000000001238
#
# JRE version:  (8.0_112-b06) (build )
# Java VM: OpenJDK 64-Bit Server VM (25.112-b06 mixed mode windows-amd64 compressed oops)
# Failed to write core dump. Minidumps are not enabled by default on client versions of Windows
#

---------------  T H R E A D  ---------------

Current thread (0x0000000002da0800):  JavaThread "Unknown thread" [_thread_in_vm, id=4664, stack(0x0000000002bf0000,0x0000000002cf0000)]

Stack: [0x0000000002bf0000,0x0000000002cf0000]
[error occurred during error reporting (printing stack bounds), id 0xc0000005]

Native frames: (J=compiled Java code, j=interpreted, Vv=VM code, C=native code)


---------------  P R O C E S S  ---------------

Java Threads: ( => current thread )

Other Threads:

=>0x0000000002da0800 (exited) JavaThread "Unknown thread" [_thread_in_vm, id=4664, stack(0x0000000002bf0000,0x0000000002cf0000)]

VM state:not at safepoint (normal execution)

VM Mutex/Monitor currently owned by a thread: None

Heap:
 PSYoungGen      total 37888K, used 655K [0x00000000eab00000, 0x00000000ed500000, 0x0000000100000000)
  eden space 32768K, 2% used [0x00000000eab00000,0x00000000eaba3d80,0x00000000ecb00000)
  from space 5120K, 0% used [0x00000000ed000000,0x00000000ed000000,0x00000000ed500000)
  to   space 5120K, 0% used [0x00000000ecb00000,0x00000000ecb00000,0x00000000ed000000)
 ParOldGen       total 86016K, used 0K [0x00000000c0000000, 0x00000000c5400000, 0x00000000eab00000)
  object space 86016K, 0% used [0x00000000c0000000,0x00000000c0000000,0x00000000c5400000)
 Metaspace       used 772K, capacity 4480K, committed 4480K, reserved 1056768K
  class space    used 73K, capacity 384K, committed 384K, reserved 1048576K

Card table byte_map: [0x0000000012260000,0x0000000012470000] byte_map_base: 0x0000000011c60000

Marking Bits: (ParMarkBitMap*) 0x0000000070fd18f0
 Begin Bits: [0x0000000012dd0000, 0x0000000013dd0000)
 End Bits:   [0x0000000013dd0000, 0x0000000014dd0000)

Polling page: 0x00000000013c0000

CodeCache: size=245760Kb used=328Kb max_used=328Kb free=245431Kb
 bounds [0x0000000002ea0000, 0x0000000003110000, 0x0000000011ea0000]
 total_blobs=57 nmethods=0 adapters=38
 compilation: enabled

Compilation events (0 events):
No events

GC Heap History (0 events):
No events

Deoptimization events (0 events):
No events

Internal exceptions (0 events):
No events

Events (10 events):
Event: 0.062 loading class java/lang/Short
Event: 0.063 loading class java/lang/Short done
Event: 0.063 loading class java/lang/Integer
Event: 0.063 loading class java/lang/Integer done
Event: 0.063 loading class java/lang/Long
Event: 0.063 loading class java/lang/Long done
Event: 0.063 loading class java/lang/NullPointerException
Event: 0.063 loading class java/lang/NullPointerException done
Event: 0.063 loading class java/lang/ArithmeticException
Event: 0.063 loading class java/lang/ArithmeticException done


Dynamic libraries:
0x00007ff65a250000 - 0x00007ff65a281000 	C:\Program Files\Android\Android Studio\jre\bin\java.exe
0x00007ff8e8340000 - 0x00007ff8e8511000 	C:\WINDOWS\SYSTEM32\ntdll.dll
0x00007ff8e7940000 - 0x00007ff8e79ec000 	C:\WINDOWS\System32\KERNEL32.DLL
0x00007ff8e5470000 - 0x00007ff8e568d000 	C:\WINDOWS\System32\KERNELBASE.dll
0x00007ff8e7670000 - 0x00007ff8e7712000 	C:\WINDOWS\System32\ADVAPI32.dll
0x00007ff8e7460000 - 0x00007ff8e74fe000 	C:\WINDOWS\System32\msvcrt.dll
0x00007ff8e77b0000 - 0x00007ff8e7809000 	C:\WINDOWS\System32\sechost.dll
0x00007ff8e7810000 - 0x00007ff8e7931000 	C:\WINDOWS\System32\RPCRT4.dll
0x00007ff8e5ce0000 - 0x00007ff8e5e45000 	C:\WINDOWS\System32\USER32.dll
0x00007ff8e5690000 - 0x00007ff8e56ae000 	C:\WINDOWS\System32\win32u.dll
0x00007ff8e5e50000 - 0x00007ff8e5e84000 	C:\WINDOWS\System32\GDI32.dll
0x00007ff8e4840000 - 0x00007ff8e49c0000 	C:\WINDOWS\System32\gdi32full.dll
0x00007ff8d5d90000 - 0x00007ff8d600a000 	C:\WINDOWS\WinSxS\amd64_microsoft.windows.common-controls_6595b64144ccf1df_6.0.14393.953_none_42151e83c686086b\COMCTL32.dll
0x00007ff8e79f0000 - 0x00007ff8e7cb8000 	C:\WINDOWS\System32\combase.dll
0x00007ff8e4a60000 - 0x00007ff8e4b55000 	C:\WINDOWS\System32\ucrtbase.dll
0x00007ff8e4c10000 - 0x00007ff8e4c7a000 	C:\WINDOWS\System32\bcryptPrimitives.dll
0x00007ff8e7720000 - 0x00007ff8e774e000 	C:\WINDOWS\System32\IMM32.DLL
0x0000000072a30000 - 0x0000000072b02000 	C:\Program Files\Android\Android Studio\jre\jre\bin\msvcr100.dll
0x0000000070810000 - 0x000000007104c000 	C:\Program Files\Android\Android Studio\jre\jre\bin\server\jvm.dll
0x00007ff8e58d0000 - 0x00007ff8e58d8000 	C:\WINDOWS\System32\PSAPI.DLL
0x00007ff8d5cb0000 - 0x00007ff8d5cb9000 	C:\WINDOWS\SYSTEM32\WSOCK32.dll
0x00007ff8e2c90000 - 0x00007ff8e2cb3000 	C:\WINDOWS\SYSTEM32\WINMM.dll
0x00007ff8d6e90000 - 0x00007ff8d6e9a000 	C:\WINDOWS\SYSTEM32\VERSION.dll
0x00007ff8e5c70000 - 0x00007ff8e5cda000 	C:\WINDOWS\System32\WS2_32.dll
0x0000000000ed0000 - 0x0000000000efb000 	C:\WINDOWS\SYSTEM32\WINMMBASE.dll
0x00007ff8e5880000 - 0x00007ff8e58c2000 	C:\WINDOWS\System32\cfgmgr32.dll
0x00007ff8e1e40000 - 0x00007ff8e1e4f000 	C:\Program Files\Android\Android Studio\jre\jre\bin\verify.dll
0x00007ff8e1e10000 - 0x00007ff8e1e39000 	C:\Program Files\Android\Android Studio\jre\jre\bin\java.dll
0x00007ff8e1df0000 - 0x00007ff8e1e06000 	C:\Program Files\Android\Android Studio\jre\jre\bin\zip.dll

VM Arguments:
jvm_args: -Djava.awt.headless=true -Xmx1024M -Dfile.encoding=windows-1252 -Duser.country=US -Duser.language=en -Duser.variant 
java_command: com.android.dx.command.Main --dex --force-jumbo --num-threads=4 --multi-dex --output C:\tmp\S03.01-Exercise-RecyclerView\app\intermediates\transforms\dex\debug\folders\1000\5\slice_6 C:\tmp\S03.01-Exercise-RecyclerView\app\intermediates\transforms\instantRunSlicer\debug\folders\1\5\slice_6
java_class_path (initial): C:\Users\btril\AppData\Local\Android\sdk\build-tools\25.0.2\lib\dx.jar
Launcher Type: SUN_STANDARD

Environment Variables:
JAVA_HOME=C:\Program Files\Java\jdk1.8.0_91\bin;
JRE_HOME=C:\Program Files\Java\jre1.8.0_91\bin;
PATH=C:\ProgramData\Oracle\Java\javapath;C:\cygwin64\bin;C:\WINDOWS\system32;C:\WINDOWS;C:\WINDOWS\System32\Wbem;C:\WINDOWS\System32\WindowsPowerShell\v1.0\;C:\Program Files\Intel\WiFi\bin\;C:\Program Files\Common Files\Intel\WirelessCommon\;C:\Program Files\Git\cmd;C:\Program Files\nodejs\;C:\Program Files (x86)\NVIDIA Corporation\PhysX\Common;C:\Program Files\Java\jdk1.8.0_91\bin;;C:\Users\btril\AppData\Local\Microsoft\WindowsApps;C:\Users\btril\AppData\Roaming\npm
USERNAME=btril
OS=Windows_NT
PROCESSOR_IDENTIFIER=Intel64 Family 6 Model 94 Stepping 3, GenuineIntel



---------------  S Y S T E M  ---------------

OS: Windows 10.0 , 64 bit Build 14393 (10.0.14393.1198)

CPU:total 8 (4 cores per cpu, 2 threads per core) family 6 model 94 stepping 3, cmov, cx8, fxsr, mmx, sse, sse2, sse3, ssse3, sse4.1, sse4.2, popcnt, avx, avx2, aes, clmul, erms, rtm, 3dnowpref, lzcnt, ht, tsc, tscinvbit, bmi1, bmi2, adx

Memory: 4k page, physical 8212256k(2162476k free), swap 10155808k(4708k free)

vm_info: OpenJDK 64-Bit Server VM (25.112-b06) for windows-amd64 JRE (1.8.0_112-release-b06), built on Dec  8 2016 00:54:26 by "builder" with MS VC++ 10.0 (VS2010)

time: Sat Jun 24 16:55:47 2017
elapsed time: 0 seconds (0d 0h 0m 0s)

